0 info it worked if it ends with ok
1 verbose cli [ '/Users/pashaivanov/.nvm/v0.10.38/bin/node',
1 verbose cli   '/Users/pashaivanov/.nvm/v0.10.38/bin/npm',
1 verbose cli   'install',
1 verbose cli   '--save-dev',
1 verbose cli   'gulp-tamplate' ]
2 info using npm@1.4.28
3 info using node@v0.10.38
4 warn package.json tumbleweed@0.0.1 No description
5 warn package.json tumbleweed@0.0.1 No repository field.
6 warn package.json tumbleweed@0.0.1 No README data
7 verbose readDependencies using package.json deps
8 verbose cache add [ 'gulp-tamplate', null ]
9 verbose cache add name=undefined spec="gulp-tamplate" args=["gulp-tamplate",null]
10 verbose parsed url { protocol: null,
10 verbose parsed url   slashes: null,
10 verbose parsed url   auth: null,
10 verbose parsed url   host: null,
10 verbose parsed url   port: null,
10 verbose parsed url   hostname: null,
10 verbose parsed url   hash: null,
10 verbose parsed url   search: null,
10 verbose parsed url   query: null,
10 verbose parsed url   pathname: 'gulp-tamplate',
10 verbose parsed url   path: 'gulp-tamplate',
10 verbose parsed url   href: 'gulp-tamplate' }
11 silly lockFile 301ab7a5-gulp-tamplate gulp-tamplate
12 verbose lock gulp-tamplate /Users/pashaivanov/.npm/301ab7a5-gulp-tamplate.lock
13 silly lockFile 301ab7a5-gulp-tamplate gulp-tamplate
14 silly lockFile 301ab7a5-gulp-tamplate gulp-tamplate
15 verbose addNamed [ 'gulp-tamplate', '' ]
16 verbose addNamed [ null, '*' ]
17 silly lockFile a0319f7e-gulp-tamplate gulp-tamplate@
18 verbose lock gulp-tamplate@ /Users/pashaivanov/.npm/a0319f7e-gulp-tamplate.lock
19 silly addNameRange { name: 'gulp-tamplate', range: '*', hasData: false }
20 verbose request where is /gulp-tamplate
21 verbose request registry https://registry.npmjs.org/
22 verbose request id 5f06c6c86181f2a9
23 verbose url raw /gulp-tamplate
24 verbose url resolving [ 'https://registry.npmjs.org/', './gulp-tamplate' ]
25 verbose url resolved https://registry.npmjs.org/gulp-tamplate
26 verbose request where is https://registry.npmjs.org/gulp-tamplate
27 info trying registry request attempt 1 at 15:18:19
28 http GET https://registry.npmjs.org/gulp-tamplate
29 http 404 https://registry.npmjs.org/gulp-tamplate
30 silly registry.get cb [ 404,
30 silly registry.get   { 'content-type': 'application/json',
30 silly registry.get     'cache-control': 'max-age=0',
30 silly registry.get     'content-length': '2',
30 silly registry.get     'accept-ranges': 'bytes',
30 silly registry.get     date: 'Thu, 10 Sep 2015 12:18:20 GMT',
30 silly registry.get     via: '1.1 varnish',
30 silly registry.get     age: '0',
30 silly registry.get     connection: 'keep-alive',
30 silly registry.get     'x-served-by': 'cache-fra1242-FRA',
30 silly registry.get     'x-cache': 'MISS',
30 silly registry.get     'x-cache-hits': '0',
30 silly registry.get     'x-timer': 'S1441887500.046356,VS0,VE184' } ]
31 silly lockFile a0319f7e-gulp-tamplate gulp-tamplate@
32 silly lockFile a0319f7e-gulp-tamplate gulp-tamplate@
33 error 404 Not Found
33 error 404
33 error 404 'gulp-tamplate' is not in the npm registry.
33 error 404 You should bug the author to publish it
33 error 404 It was specified as a dependency of 'tumbleweed'
33 error 404
33 error 404 Note that you can also install from a
33 error 404 tarball, folder, or http url, or git url.
34 error System Darwin 14.5.0
35 error command "/Users/pashaivanov/.nvm/v0.10.38/bin/node" "/Users/pashaivanov/.nvm/v0.10.38/bin/npm" "install" "--save-dev" "gulp-tamplate"
36 error cwd /Users/pashaivanov/Development/tw2
37 error node -v v0.10.38
38 error npm -v 1.4.28
39 error code E404
40 verbose exit [ 1, true ]
